19168715652
18447550392
18253354297
19585897232
19285410521
10304557545
10169396599
10301475385
12274035287
2204671624
2391640082
10294394431
2391732920
2391732920
2755325529
12413703013
2391810046
12413703013
18698153320
6852517023
2391856515
5890639280
5890727311
2204678221
9913669706
1617498458
12413532358
9913606821
5890760669
1617357094
3528254007
1617562429
3377346044
1617562429
1617562429
527191394
3203148354
1423073727
1617713252
1423054324
1617688846
7628156370
7740828974
3203414354
2451834683
3203414354
3680670924
3203414354
7740828974
1243327620
510254003
308309180
584156753
963031212
492647709
492708879
308533359
308533359
308435816
5494123501
896344884
308475299
492750158
584210505
492825003
308790168
896232970
308790168
7078802075
309028114
479054400
308933669
308933669
13041358340
309021727
1913552790
309161334
7078802075
309157946
309041810
584207113
309044742
309068563
479136035
308869195
896233839
9479934149
479219496
896191540
492595128
479073115
896197177
3809419058
11948674598
896318119
308873584
492726727
492726727
896402693
865225004
1176553737
305618399
896600020
492846106
479245399
492770177
305510660
479156777
308508519
308508519
308508519
584382634
478943315
46383503
783081523
149716666
149793586
149865953
584488416
46741368
46741368
150373146
150215828
150290190
150324074
502756193
320451753
782960184
150411409
584402816
782960184
46723742
46705315
150440360
46705315
320361993
320361993
320361993
584437953
3826386542
320372676
46769194
865321698
150243362
782938943
150243362
320482924
320482924
150286490
320467964
150191720
150015950
783119504
150015950
150015950
6227536152
502629434
150079823
150156034
150082849
320254012
150150053
502622328
865413544
970286845
150293571
150322202
47070854
150322202
150322202
320481392
3953891190
320629635
47106015
47106015
46816393
320591962
584553970
584553970
338582813
618722227
17254213
618738658
320264516
46723305
46723305
46723305
46723305
46433962
255363050
46703119
46703119
46775454
46714923
46829258
442492529
46655718
46655718
46518199
865469267
46186944
46365753
46384400
46418725
46513972
46548818
606832256
17671637
320352712
46548818
46548818
149818934
46263513
3826419644
320536253
320281783
46252386
320536253
46190132
46234877
320536253
338336842
46313477
46313477
442359993
46313477
46452013
320368134
46002034
46292945
46202629
17616567
442210319
46357753
320594548
46235909
46235909
4578787284
46117267
3700492551
3826375950
584480093
320498446
320503233
3826375950
46202963
338150129
46168350
442069766
46210157
46210157
45884285
224372670
442069766
46213825
442214843
6227630235
338222376
46160933
224580703
224601666
149947817
224574753
46344396
584531827
46344396
338222376
46344396
46397245
46397245
865398012
224617827
46453692
46591211
479103375
46536314
46558802
606741787
46536781
46800042
46658203
46658203
46893057
442245087
46820796
46731880
46831123
46771591
606552156
606552156
46771591
46707649
46788141
46673730
46326769
3029754721
606544401
370266616
46892414
46951832
149785765
47047226
478948279
266183333
46914014
46914014
224400435
46939909
4578787284
47040017
266221363
266221363
606807456
47216953
47216953
584224378
47216953
3826352446
224048335
47063167
370300511
224036161
47066394
584224378
47251388
47167573
47076627
266316707
266316707
46842743
149640527
46764958
17911090
223798478
223798478
223798478
46779988
865115595
223834956
584124165
46476113
46476113
149796755
46409972
46476113
46409693
46475834
224101358
46422001
46422001
224181940
18483754
224143998
478681349
46417322
46257038
46439624
1677613827
46226390
46237139
266388377
224317553
46293103
223929603
18497656
46306297
478534321
46204727
46049184
46289236
584121485
46289236
224109016
46047249
224024878
18237596
46349801
18191918
478386416
606556487
223990507
864930063
606807456
223985050
46533884
223985050
46200025
46576751
46198771
46576751
224057836
46542985
606556487
224175511
46774137
46841090
46841090
150141288
46937963
46978644
370231556
606375389
370231556
47292244
47328296
1531090835
370231556
1531019508
584031775
370231556
150081868
606556487
224102814
1531101809
266283540
18753151
47111734
120261230
223838139
4578787284
47286311
47377850
735478371
47493780
47617297
223961137
149779951
223904726
370361103
18653292
223887283
223742899
47656657
47447809
47485879
1677193853
735367494
223727231
583716580
583474404
120361248
223656376
47574714
1677275248
47441056
47536054
47536054
370239006
266158243
47576081
47576081
223792143
370239006
47553667
149692161
18620761
47554491
370239006
735362534
223855139
223855139
478066287
149626581
149626581
583354936
266209125
223747346
149631727
223650685
47509119
1677623575
583583355
370232833
46954919
47223758
18060590
47311485
47371161
47371161
47371161
47371161
370387640
370387640
381985853
735223788
223620595
47407655
47407655
47265796
583308633
47433561
1677249724
47332770
606380554
47391111
1530842414
266412373
266412373
370412204
223722827
47704597
583493264
47621015
47873130
47980150
223627655
223627655
149460525
48036686
48237772
48237772
48252204
48443139
223545545
735209317
48207605
223630937
735209317
223630937
2359886189
48465275
48201608
48434237
583186303
735110161
149243842
223482140
223482140
48654128
48654128
48654128
120838697
48406686
264567283
223534912
48831196
48669921
48669921
120838697
48930253
223599597
120838697
734967378
264557163
264557163
583174266
48985532
49013618
48875546
583249787
49151403
381590758
1677565336
49281815
120743872
49281815
49239921
49238578
223620113
49393461
160529121
1677466993
49404387
735185925
264605559
49625264
735185925
223659765
49624593
49624593
223704772
160563695
49709619
149794153
49723975
49653384
49738589
49738589
49738589
49736584
49783804
49783804
49783804
223524640
19742378
49440953
49440953
19562848
160592613
49326679
477473717
49326679
606777614
49306322
49203343
370842183
49242593
370781232
735223606
49109205
171131661
49271096
264625551
264703940
96896392
49238069
160798280
171007359
583388040
160663716
49007934
49007934
48952362
1677710010
2359962752
264686618
97213865
264665481
171396451
1530783380
371019835
48982919
1530846135
48989772
48989772
1677278717
48950016
48904760
48904760
48904760
1677710010
1530846135
347096176
73091294
264670958
160765298
48403732
146852345
72730233
346993425
48373349
48452062
48521675
48637654
48650724
48467752
48467752
48186913
146855116
1572785387
264670958
48188224
48578548
121020506
146958543
146958543
48626802
147009334
48563577
48544790
48508637
48508637
48335319
48335319
48335319
48335319
48292771
48331076
48366376
48366376
48374008
48374008
48374008
48339117
48339117
48530252
735442249
48530252
19198656
264652207
147081321
121029168
1530813203
347032991
48588466
48680553
48680553
147081321
160623333
48661903
583373035
147063527
48600521
48715117
147158087
160674373
48747302
147228155
347085265
48703666
48524677
160583715
48706318
48599446
735326829
735401801
147269428
48580896
242157108
147242208
48633776
73121059
264511172
48575590
147342164
147342164
48620617
48694077
48686096
147388527
147388527
73156832
48571678
48385003
347316664
401846252
48528073
401846252
48528073
48528073
147294322
48325349
242160765
48381004
401878992
147246682
264472824
48588661
264472824
147246682
1677734614
48705436
264494701
48877150
48889337
147246682
49053686
49108294
264364460
49179757
19900363
49202604
49202604
347173681
49237099
147290177
49237099
49215910
401831352
147302958
121104107
49147372
264364460
1677839555
239092280
49285294
49285294
49285294
401837990
264482999
49230768
49264662
96294774
49324264
238926698
49413537
49413537
1402051644
49531441
49471839
1401937569
49530389
49530389
147357047
49450173
49394607
73167222
49458266
147273420
49406226
49401021
606718892
49401021
72979837
72977481
49455544
49455544
347106786
49669871
49669871
49669871