14367782476
9098512825
14334510942
10039816635
4766036751
7430867548
4577972036
2445267220
5252486075
2445463547
2445463547
14771492966
3299709890
2434078358
2445224797
12996151283
5252398329
915714919
3299726145
915883160
2314420255
2314420255
9623783205
915777309
14074461866
915710447
915757895
915757895
915748285
915748285
598442741
598442741
598252663
598526412
598323037
586913182
598416112
586938563
598373203
403322309
403230451
403516920
392420716
403162370
403079723
598696016
392107230
424402075
403161799
403622195
403207818
598569359
598569359
403058633
392248770
392116697
7131217223
598448648
598778178
7131217223
392292189
588540853
392211005
598935490
1614955916
2545478330
588527757
391947321
588633713
15007390776
392175639
15007390776
391881280
460324275
460324275
424327404
598699802
598448412
402991870
403123025
598592403
392175036
392164025
15007390776
403455272
598448412
4501604995
391936755
403151722
403269099
460515920
334847346
334847346
15007390776
260755180
598561495
334972984
1987304550
403652535
460563582
9422636457
1614580568
460563582
1936213008
403242228
403363038
460421452
598522350
435853754
266234282
403104756
3329854404
403034267
402984175
266059600
598472883
598590259
126908222
126796776
403011974
137866151
460181331
460152794
460158111
137684790
460137736
423763734
598408925
10236512347
137759299
137651729
403082394
460092731
402854790
10990441604
15007322930
610036011
460123860
435888671
598711000
1474627454
126648659
137400645
459975475
435875114
126531959
126281746
459986110
126213112
609941925
402679768
598830589
598473133
137291026
957353044
126391908
126391908
137153485
364141644
459583858
598831586
957415008
137216374
126229392
957396059
126484953
1190854586
460118598
460167489
957314439
364277046
459867036
10078489190
137084045
137084045
137001311
598679158
137125677
460246665
137415865
1987238829
136806876
364153339
327471868
136817899
126039247
598955830
460062208
598832246
610098776
224261309
137080912
136935013
136970027
224375718
259945075
327570777
224486050
126508904
224425882
460181085
125898090
137266201
957092241
126589895
126589895
599244858
610289581
137228957
599280964
327484816
137167500
1190616829
460347376
137148014
223768020
957048353
957048353
2231046034
956963376
12763598373
599271029
137317767
598795122
598651336
598895417
917422217
99500688
99796598
917422217
224578084
6229196831
224729012
99039190
598939244
460323260
91056652
917400551
917687190
99982022
917483202
917489597
99866371
917687190
6229196831
10655377637
99141761
6229196831
299863292
98914324
232247281
90983126
99669353
299782374
99373059
91116832
99182030
99187241
598894825
99187241
99186920
100044738
99243021
1987295805
598507508
99727247
99146796
917764874
460210872
598942821
917764874
460226964
99022746
917626793
5040068239
224289596
460150144
299810007
460322141
917745536
460322141
460355344
598716172
99216188
99216188
460355344
91118925
224586519
99593837
1987369385
598721975
610356469
598721975
99720680
5040151845
598616448
917346857
599222972
917346857
99422986
100256585
224976748
100108197
2230886506
12763598373
917239245
100785408
91078988
91078988
99652398
99533895
598801563
598665168
99620997
99614289
232008673
10655391223
599386401
460575783
100068196
224990694
599366744
299615994
91028723
598863930
100258791
299633144
3931166699
100545374
99517957
598609396
90995861
100591878
99580940
91231736
225044573
224941225
199962730
99984508
200015394
99420995
91082489
91149504
91378569
199982549
598604555
91564561
91578830
599392038
598848272
13888732917
599392038
140927110
140927110
598602070
100031772
3931062097
140878449
200202269
91556095
598969195
100261924
100457971
599210234
200379098
100763851
12763445625
91990461
91990461
599169933
100128023
92004091
101029952
100952785
610364212
92037444
4168209340
92450093
598307187
1513278839
92434343
200527189
101046633
450755824
100352653
92468375
100233269
141081705
141109592
100207727
200624547
101075959
140843971
100582704
3930969447
141281962
100403907
100427674
100469584
92611149
100440870
92464200
101386301
100951563
92384756
100511190
101026627
101088082
101374096
451334166
100619799
92302987
101073854
200413603
200413603
451401288
141578069
101095187
100641132
200354808
100641132
141297937
101058101
200304154
101015765
2686505750
141448586
200222987
451327531
101304845
100422566
101264962
2686505750
141373197
141348439
200077746
91764468
174830042
200077746
200105141
451217010
91605073
100853237
200106965
100261106
200182019
140601473
91762173
91860293
3930933709
174611094
91871019
140669900
174688809
91871019
200161119
91903437
174834211
91369029
91890186
123745869
91588700
174427700
123734298
200177037
200101002
91930379
200085070
200162763
83867796
91824504
91902183
91306387
174395157
123776362
91412378
91950680
200165454
123870566
200165454
8843113941
451506370
123870566
91354917
91973687
84112045
124031398
200377282
92053489
91575378
200343173
91575378
200343173
92017953
124023391
200310768
174517669
124023391
84109601
91888315
91888315
140922946
312989351
174521661
312866800
92083064
92097524
8843163297
200302424
92097524
122214897
200255134
174356694
4214552735
200271434
90037925
84006749
312814494
84038081
92417920
123674187
200360127
174561570
92409869
89964958
89964958
92420119
122296773
92339735
122289077
451336949
200319977
200319977
1513348462
90187583
92577322
92212532
174267912
92573462
200530802
451182895
122395676
174952076
92537299
92537299
92501634
90233509
312920468
90227996
92551430
174341451
312983920
92078569
123851069
200727942
90419167
123949234
13888801344
90534791
84422377
123953533
122500973
122599603
92843864
92413504
92783875
8843163297
12763516281
90612190
92724967
92724967
92842207
200922834
1966518100
200922834
200922834
92799411
92957248
312984590
174826059
312984590
92996669
201008936
201008936
1513422717
201008936
92501054
3325746825
93245303
93245303
93106717
201061103
93048631
92449920
123470881
93048631
201141626
91082832
93268676
93268676
93300697
3325705128
90911062
93186884
93177925
140152826
140202303
93304934
123352889
93279290
91000251
90989880
201177953
93286379
90793423
90879329
90879329
93383723
90839453
84279533
201175674
2686778405
93328828
313156846
93328828
201269266
84498059
93225415
451299978
92126762
451299978
451275391
174821105
93136716
93154541
91014343
93078383
92992331
93022249
1987527356
123477647
93200165
68475551
201151892
93248295
66777502
313149795
91091464
93170603
93170603
93170603
589457480
93204246
93225640
93225640
52552967
92344296
451488337
66983451
174829514
93428591
93408504
93408504
93345940
93347951
174209873
200953273
52502452
200899921
589497689
93186010
93186010
93186010
91430041
873914938
93168884
93094647
92989310
92801546
91184699
200769001
68397080
200769001
200746408
91051046
91697411
91556972
589466364
92419843
51718310
589466364
92403061
589466364
174707080
200537270
91897325
313113325
85211501
85211501
85183068
85183068
85183068
85264128
85308568
85270643
175329662
85505762
85542694
451700831
85529950
200213141
85582244
628632127
85670370
451537810
85673159
85738974
85738974
85738974
85970401
85970401
85970401
85970401
174897419
589623122
174897419
86120609
86164101
86193958
86071961
86039788
86039788
86039788
86039788
66918427
86250064
86250064
86250064
86288975
86127197
589481284
86140365
313041147
200125996
85990021
85990021
85990021
1513498489
86086937
86086937
86097139
3206756815
86178392
86168330
86168330
29662858
86144470
86144470
86144470
86144470
86144470
1554117695
86182987
86134028
86091309
86091309
52414955
85956135
85911768
175225026
85833280
52292100
85833280
85786457
85672384
85565537
85537156
85567473
85419632
102223357
85374504
85365901
85365901
85366907
68335911
313186690
85429626
85345204
85363671
85363671
85363671
85363671
85498056
416291053
85498056
85453729
85299741
85354075
174941361
85595183
1554144688
85626061
85635488
85749961
175110662
416458288
85913921
466947971
85909092
85976767
67124153
85971989
102395677
86171026
86171026
86227023
86204629
86132712
86132712
86132712
1513528075
86205611
86124990
86322354
86404630
416332589
86518383
174938566
467050049
86693807
466985986
86524097
86651485
84374658
61758173
61758173
68526446
84342075
61693920
61693920
61693920
84299088
84342075
84342075
61648493
61893621
68543776
6793724144
61778411
84273991
84273991
68469666
84218154
61262086
84218154
30163126
61201987
175034332
84158055
175330009
68541839
61491685
68481041
84185039
467176763
61250482
61660193
61660193
61205043
84190981
84190981
416554941
84241033
84241033
84241033
313139789
61251933
61375541
313309592
61895872
30402106
84459429
68464404
68346217
174208985
84459429
66891316
1778194381
84459429
102317153
30508129
175277040
84444866
61900685
84444866
68341685
84614123
66721942
68847884
66846868
84483334
467117052
68992037
62032634
68992037
84564133
61955765
174789125
61955765
62257451
84568570
84568570
61852330
66483796
313082208
29679405
62228897
61705442
174431066
66487384
2790257108
61264096
61856036
706654795
62090647
62158929
62103271
84473202
62131074
68942250
66661188
175498227
68942250
84473202
66655085
61899972
313209370
84473202
66507120
84473202
62311722
84494204
68083071
69067108
62185021
62044302
62367628
84691255
175235442
62435903
62070827
313131332
416639247
62236665
175433658
62220847
69093933
62543306
62479163
102253238
312987239
428207238
1554478727
416674511
428207238
416714375
62482821
84615470
428249168
84606849
84613782
62254044
62111043
67916951
69014094