4122543331
4122543331
2885683485
2885683485
19004166730
2859192664
2875728955
3262672021
18140018942
2875845068
398112254
8060122330
398183068
3262799504
3262861612
2257007150
398261165
2257032508
398137733
336902282
2257165989
2257190248
2257061148
1782159122
3837686524
2257085407
3541518895
2257012363
1782232506
2257012363
17170810980
3541356642
2257004243
2257017834
398231199
2245636302
398245747
3838036751
2245592555
1597101250
474598275
535567629
776182698
535611001
14528952929
2536427661
776166540
397395982
9724464032
535663846
776268825
2369803316
4641284679
776264968
2245345518
2257265923
2369817849
535864424
397383972
776445665
776383881
397504581
119286214
2245652447
2369878188
2369878188
4641384774
109005185
107040671
118532877
84793936
397427474
84806425
2370125626
2370125626
84771771
84712256
2370001717
84569848
84718260
587276543
106896260
108035642
84583441
84566587
7217274182
2370003562
84809643
84814881
587357464
84690072
4641399088
107009812
4641399088
7217274182
84960728
85046745
587315375
1895267977
85113829
1895275083
1895267977
85200763
1895301212
85240420
107202496
1895344839
107119725
587275087
84710882
1895299986
1895299986
84927582
84927582
84958956
587124941
397480437
1895260101
1895242128
108163021
1895260101
84765888
84765888
107063972
118585840
1294331096
397480437
84686904
107063972
1895165112
107103265
84315136
84771704
84706243
1895165112
84723852
107189196
2196374463
1895115657
84397722
84397722
84869980
84839398
7217187403
84839398
469059196
397567187
1294117370
84465683
84441849
445743074
84690797
84590677
513926219
84640129
1895106531
7217187403
106937058
514055105
84606218
84648418
1294106480
84648418
445732484
108089040
445744691
107018790
445761759
1895182492
12237470612
84900628
445833730
107153770
1294165094
557874207
445833730
85013001
85013001
85013001
85013001
445887276
84604219
84982249
397310098
445906235
84623178
84886285
118427729
95255810
1294195841
445906235
1294195841
1828867315
445990293
84601814
84692975
84753592
446097556
558022188
84380587
445871360
445871360
397216843
1828827520
1828827520
106976302
118334474
445956925
84366945
84731637
445889036
84343364
1895166298
106951708
1828850771
445858511
106898576
84502156
445958743
84502156
84483297
84695419
9678290604
84695419
84664733
106954076
84904353
107161658
848473163
13697569305
107161658
84672992
12150794823
251064177
85319272
107161658
85247418
85326692
107161658
85309473
107161658
138889345
31836285
250952365
397345112
85548531
32067846
9678295531
139073168
139015466
32187329
1829138296
138988294
469109438
32025420
85014948
138928488
85499759
251048625
107370492
207381747
251044974
1294490086
107123927
108416849
1829205369
85484403
85578120
107586336
1829205369
2572866440
138868522
85578460
84895708
84986103
84791582
138772695
1829065538
118561589
107656441
469362637
85785228
397670426
85684932
138857086
397569760
118644343
1829205369
85047829
85725104
251130849
251130849
251130849
85141340
1829205369
118885562
32804856
4730116961
107980890
32438040
139006002
1829205369
86006460
1895312030
207325099
139026426
108059888
139126439
108011960
85916936
85967368
85806631
397679274
139100440
397679274
85384315
139169730
397823318
1895420460
108237266
1829172680
85834475
85504143
1828965155
119151679
723451644
85862964
85049426
85366374
85319867
9678358584
85941373
251008465
1828916075
251068565
108377491
397958418
108442377
469644559
1895281931
119282007
108283187
85221978
251119175
85775753
139258711
11988681011
85868143
85299128
1895432754
119217416
108341976
398071201
119305529
139038905
20672199
139114931
85162072
108168202
397903064
139102767
84780857
139113835
251053309
806970187
85278573
84592575
85342906
85342906
207236844
85342906
7746724895
1895651504
85446562
85388290
85388290
251019260
1294514522
1829090300
85305672
85294251
1223410636
89318842
1829244795
21012499
139086112
1054168629
89240148
20978783
85467538
85535109
7746647874
250916123
1829010518
31231451
250916123
250916123
89435825
139085412
250916123
250916123
99527491
139094400
21490937
139094400
139094400
85368280
21830293
86223243
86223243
139179934
86196122
86457852
89790763
89790763
139205527
86113350
21856041
86113350
89743747
1829253114
605486496
398125170
86273644
8359135129
806873867
139433807
86276360
207331028
469808568
89562647
139506845
85861430
89635532
139547029
86150665
139517143
85639075
139572628
21881956
89491987
139478613
139434308
11988824765
85794241
89483587
85892787
86121843
397879089
139528786
251267349
139661185
139741367
89405293
89424281
86089990
251267489
469577627
85977952
1895700429
251257556
99057969
85737719
139822967
806776054
1895668780
139822967
139822967
251225907
85313043
139850625
139843957
85352761
89536576
139843957
86190582
86091743
85851405
86435730
7746773820
1373393348
806829416
139953207
397753502
251306966
86064580
139871457
1829251218
89588385
139871457
31721212
251351026
86136235
89633418
397726848
139947361
1829251218
7746773820
85860374
139963748
89575966
469410889
251384170
139792676
251330806
85818036
85916604
86028990
85773937
207508529
7746806434
85729379
1829398146
86086530
251385513
98870723
86103980
89380636
140014102
1223114506
89400405
69272698
69455138
1647453853
69399151
86131677
25814987
85755662
69497659
21453888
85755662
21491566
89336424
69535337
98881492
21561851
69388101
397674047
85824930
86195736
25619688
397674047
85880402
89307809
86053350
397674047
69247795
69235421
89157800
397700037
85621169
1647411974
1829396750
21123889
69212085
69233212
85987085
89289988
10551087317
69217214
69238341
69123575
1647556375
69269440
85749186
85775068
69250649
69250649
89428727
25504654
86271834
397952523
25504654
1895954356
85933990
1895849335
69372165
69372165
86177340
7746990508
1829638990
85900616
89315841
21391678
69422291
69385744
89195436
90911407
1829663377
89351877
69343430
25585063
89351877
21488943
69321162
1829588011
25585063
69321162
21454186
1829588011
69316184
89344416
69316184
25632946
21609177
85814278
85814278
69304720
89411952
21605649
397777654
25612928
89267495
397777654
397777654
397777654
21709685
469491352
605390333
69090118
86068351
89277064
397838135
85935783
89231495
69318552
85971635
69244732
397680355
69446046
25799819
397680355
1223016666
25859473
69432943
86373533
397739634
69512345
806766338
25938670
86375754
1829618582
25885850
89445499
89445499
86050863
26050874
69632571
22360822
397739634
89550259
469488630
397820482
69701664
26103156
86561348
69644849
89608095
10550990018
69584791
86214712
69652234
86214712
26107616
69729656
22420831
22327115
89608095
26053721
86723680
86283328
86248788
69736047
25853734
89679342
25834288
86328878
69691861
86328878
1166639591
22263391
86279515
69649732
86210896
25758482
397613455
86476373
69596101
69493507
69596101
69596101
25709891
86043959
25627771
89485152
69415090
89476363
69314597
89622579
89505304
11988862820
397775082
89622579
89622579
25855667
90643682
69721012
86112773
22395369
85882255
89588521
469475489
69611057
397542976
86156600
86549284
984360210
469475489
22034914
69411119
90589288
89709613
69393769
397774988
86043989
89709613
397604803
22171070
1223002817
3009060195
25920758
69414569
806845486
69286355
25867229
69414569
86360650
25867229
22149753
89782629
86124586
69384553
26010624
69311416
89445693
69252177
89554046
89522235
85924296
85651432
86238442
86055253
69339359
86115883
69273035
89715675
85996107
85729916
26125968
86107935
397581980
85889252
69349579
469492991
22698611
1166649313
397512616
26039898
26039898
90644224
22456919
1166656161
397883771
89765778
469618326
89765778
69265493
469618326
86152552
86152552
69311874
86118503
397850590
69266458
22364473
86206528
1223062138
25874489
1166604087
86402038
397850590
89890219
69413898
89890219
86613980
25890291
25890291
68752638
69416004
35352836
22396304
806928968
68860109
31601714
1166604087
984362952
26016435
69597457
35011670
35200256
35200256
25939822
31923863
31664631
984327732
31854154
35277158
69629976
69629976
15758957
25709131
807021626
15709804
15792950
1972421958
69607176
15803870
15880168
34934805
15890309
15890309
68960647
34912448
469648017
15901345
15826950
15775616
90259457
34920065
15701283
508521518
15635311
15635311
34857016
15697561
807034724
15685749
34857016
2480683946
397766342
69435550
807034724
69435550
15634130
15637311
15637311
34857016
15637311
15637311
15599731
34857016
15810552
34942622
15684382
68805479
15694218
15658252
397860974
397213006
69368525
98370661
15770503
15794475
508521518
15794475
15794475
1223119406
508521518
15820853
15820853
508521518
69254797
15805309
1223062868
25237994
34987214
15867741
508430700
69351041
34954571