12169348567
18457024351
15630026837
14436702511
18872688200
14876185126
14980470327
14436672984
17659850629
17659850629
6209134876
5324457012
13826914509
6594901774
6209286501
1824111386
15988477511
13545345063
1824170111
1848707915
4101016575
3643123485
17310502847
16311445369
13545345063
3643108220
17310546530
4205412622
5577246910
5577267107
10185650494
4205418232
4453633565
4453633565
13077507681
1554567667
1554567667
1291538878
1291481048
4205491038
1077963272
13034455335
1554440803
1077931502
3884453904
1554596246
1554770958
8941971214
1480173651
6849430676
1554775822
1078265525
10108321712
1480211925
1291873925
1554693956
1554693956
1078363863
10108321712
8941901101
1554774549
6849395339
4205548754
1554601087
1480376042
11182815918
1480448704
1480448704
6849382468
1121577590
1003046846
1121577590
925949427
1003046846
1121714237
926031159
4205632935
1480485083
1003173941
1077820255
1003204386
1121742750
1480395348
1003129598
1077964231
1003045129
1163659183
525480412
1003035762
632791743
1003035762
1003035762
760972874
1003035762
7603688097
1002992089
1003039331
1121628397
910149419
910149419
3888634416
632810487
1121655561
525381588
7603753426
525520868
1121686867
1121609956
525752935
2094457262
4205495796
4103263409
910629092
1003461910
11880074617
910532748
1121530642
1121530642
1003385719
11880074617
1121474667
4205515860
1003406152
1003324341
608759800
1163633928
1003437123
13764286962
910523917
760963017
1003391804
2094487136
1121463640
1163687367
1163662986
910390921
761014154
4205467051
1163662986
910372878
1121642468
632876348
7603743111
4205409091
13159327030
1163692224
1002532210
622075455
762930446
1699384852
762924380
1121640650
608886659
608886659
608886659
1121640650
608886659
1121586150
599109283
648947264
838912105
838926475
648947264
838913177
1121653716
599252201
551270709
1023390130
852589377
1434108609
561756907
852952545
538988213
1023259586
4624080996
1434108609
852709253
839207787
599561180
839138179
538888633
1023111866
561968219
839015350
599450667
599450667
590878331
1023231004
590951514
599288383
852874737
538734564
599034575
838684582
852745372
1023220846
1433949192
599140498
852752859
1121530141
432047969
1023268797
839066172
1433949192
13570034774
1023255283
852723665
431991614
13159399358
538475014
599398165
1121482001
599325097
599325097
599273187
1023359837
1434043614
432276927
427798188
1023317561
432222828
1023401772
427635310
709287954
427522790
440661407
431983659
590897897
427363806
431647898
431637931
440775528
538457119
3023855213
538831730
427514637
1397202777
431854265
3023773083
432070729
427438197
431922778
427438197
427480770
8920800694
431934599
7603794883
538833370
427647924
440627685
432241021
440616434
440559980
431892313
440577238
431727551
427594441
7603794883
1022892752
538627065
1023045188
432153099
432153099
590932872
1022978473
13764325548
427845843
538522150
440890716
427957695
427957695
11973490631
709377673
427801955
427801955
427801955
590821471
1294841211
431361835
1022932015
590664057
1022833307
431227669
538018076
736380644
709332204
427506051
1008167832
736305514
590560059
440868195
440914764
431341706
431092150
431381681
440813801
15093570624
440807199
427631216
1021868876
736250784
590240248
5058428831
427552792
736173761
431065330
736134237
537883701
736091044
1021881787
427477527
736061857
590466173
430948398
379650368
388299689
387752853
440787294
590182140
379395736
427132497
6924406737
7713247563
485376245
590145629
1021849837
2895639863
388286382
388303012
590325812
388130015
537727662
7713140172
589981864
735984811
388301075
388028934
388460973
2895685789
485343272
427433909
427435447
590240354
427363244
736010101
1396475243
735987060
590211290
1396518955
387779566
440982790
477040253
477134664
387885015
440982790
440982790
7713220540
856127747
427564930
388376980
482333630
387759315
4911754229
441029177
387875582
429692511
482215007
388592108
482215007
482081116
441033215
388377100
387914588
429662446
387914588
7713220540
4911752524
388630894
441038421
856161051
427417151
357932824
753993311
482279725
477258092
357514971
482263075
477023513
1021606324
477023513
482293781
4467226686
388279730
476949859
482293781
482293781
482293781
440751404
482248848
476968362
388333939
856290939
482248848
482259089
440681940
3415189283
482248848
387534659
388449219
476946667
482102542
378478068
440788922
1021771652
388670618
388670618
481924754
378722710
388570267
856135024
482257769
388362902
357533295
387923950
440567527
1021588384
482320185
2863829496
440564215
482303914
482303914
476903751
387359442
482205642
427350732
388335155
856128574
378337089
376744675
2895461601
429432318
376548645
2863748778
1021599493
376548645
376504732
376550093
376572186
376551383
476833227
376519777
13764353861
481948714
357105164
476858201
376401574
357092171
356321298
3415279978
376401574
4911571913
753959673
376330016
356218745
378113576
481859641
481859641
356981988
3415189283
356723139
376215717
481806476
1021547417
376224810
376224810
376224810
1186863453
356905160
376271775
376215376
481736821
376270546
2895525244
481736821
476870864
856241386
428888717
356020199
376174295
481715805
376229499
356452162
310103654
6924432366
481720523
481720523
300079471
247212037
376308791
247324376
300211170
376363716
213918269
376278494
247100658
247216178
376080147
300439461
213794336
213746968
476973196
476973196
300373082
247035896
376001741
247479599
3414989798
300335383
213665225
376046187
376150942
300615374
3415109130
247753739
376367659
376153591
247867841
753687696
476920442
246976760
376225295
855921437
476920442
376218665
300708677
753727507
1894180787
300785805
300709330
247366293
10875026622
300834724
300834724
376334068
300834724
376173303
300753001
481878564
376180502
248018616
248172860
214137305
214007745
247085128
300796928
247355140
247481176
476845015
300708881
248326514
247637603
248067159
200748774
247646042
246679671
300686930
300751404
247524574
247784734
117993676
247658309
300753392
247592392
10875115773
246377930
246685190
481712297
1021638415
178471632
117843476
246932567
200830418
2895467093
855870663
200871461
476873832
247885198
200871461
1187059011
248282877
300775217
247795189
300849969
247401646
247522707
247762537
300651296
247601072
200746442
200746442
117621313
200614160
246500413
300575892
178440605
246733976
8345326074
247563708
300580459
300555901
247691611
753640859
300525329
246859054
246431101
200780782
477013575
300517776
300517776
201064966
1174865064
201120907
247534890
247601815
13764381860
117533205
1894327550
200874000
476950517
300735266
200936095
1187054068
300793541
300793541
247904777
1342794538
200924108
753784997
856339113
300647892
247373091
247500952
300796531
246682717
247009035
247381245
481978203
247259487
247667616
201036086
482048860
117602175
200819839
247333029
246034239
508445602
246234240
200631279
246499787
482089541
1021840666
246662127
477020713
301013954
301013954
248207531
246846392
477120797
201221618
1187133497
301117554
301113502
246986418
247218624
247694479
247447721
247995676
246899497
118083346
247734373
181613254
181235282
181018334
300151005
181613254
181613254
181029368
181534567
477065577
180792045
181361523
181361523
181419128
181419128
508339603
1126174888
181511206
118138645
181511206
300295557
481891841
118112039
481891841
118020587
181502259
181437696
181359227
299833771
181202570
1894156490
118223347
181390659
118133731
85867910
508377763
181393552
85892838
117965222
118173922
181301133
508348255
118119737
85877741
14402243322
2491627094
118121853
118026084
85779154
2895626671
300126871
181051715
300126871
1894209558
181306670
118015571
300216737
85571062
477210205
2895626671
300299721
85722911
300027172
477222214
300313314
508363445
477131171
181523891
477131171
508195362
181582056
300324718
117850334
476938534
117984347
300201011
181603403
1894153874
477023230
300437022
181706864
300384222
508231066
508231066
300348459
300383928
476960184
181433964
85834709
481938690
476970865
1894238114
300252542
117748400
300274674
181685728
3266028805
181699320
1021853517
1126292190
117906950
508505009
300235263
477348142
86473405
117918665
117986922
117986922
181718462
117986922
300285399
117986922
1021801944
117970018
86543690
117901780
300398716
181879491
181652048
181474144
477280188
508545308
181557829
86384161
117845579
117845579
86355395
508545308
86260032
300494378
300575261
182025217
477096112
86160409
300575261
182015883
508626191
181835624
117394339
508626191
181536848
300560092
85601387
477146472
181788931
181711618
300638890
117571924
182056797
181616369
181829376
300714487
182012740
117600789
508786938
181986299
181903892
181362617
85890607
300774295
300774295
1187279002
508696223
85745206
477192095
85861502
477192095
117615525
300794051
181919234
1187260053
86084749
508767031
477326644
300824291
117764439
182205465
300602149
117744207
181580976
508767031
117876562
300981354
182513789
182513789
182513789
8345468371
182727559
508749932
508767031
117649985
2491738984
117669037
1021766954
117760754
182788984
117760754
182869579
117760754
3266081792
117764651
182520930
301157770
301157770
182892993
182892993
117883652
476998837
117883652
1126464755
300751438
117824204
182672069
182672069
476998837
117799611
182672069
300942404
300942404
300942404
117799611
300648672