19868617434
19868525206
15441312539
15441276539
7270505750
9821595051
8337792828
9821444480
3035048436
5557526818
3035131839
6683852578
3035131839
8337801703
6677027831
2866363978
6677053564
15898734736
2866299686
2539589494
2866299686
5550729804
2866379086
6677064704
6677064704
6677064704
6677064704
1623191052
2539540724
2866325018
6676944926
2211154363
6676944926
10599245405
8337855067
2708880103
1582995555
1583075282
7704952703
2296066724
2296058109
11186224254
1105758331
1909626343
1105857616
2866261067
2063077210
2866261067
2063140990
872807772
1350009057
5143802344
2063132654
841452661
5105237832
841391389
841452661
1676529261
841552153
11186180607
841506096
841742192
2024489715
2866338971
2024511526
743505193
2866359855
743676223
2024511526
409220401
841567202
2866265695
2024442510
529608470
743468909
11186239769
743546006
529402242
256771416
480667664
409097471
409097471
4968941744
409168504
2866181115
256825169
2024363247
256597579
256604863
743388975
1315791595
256671803
480587178
1427329009
256825689
256886914
408919624
1894123015
257159878
613482646
194913262
256896420
613449526
1894050750
194825801
257072417
480706932
257084365
409063105
1315948521
613428616
1894125510
257047159
480771960
480953727
256935105
1316070146
522494242
1316070146
522494242
10897842028
1315972254
1316124194
1316124194
1427495910
522508180
257137778
522536353
318256968
318365769
522544620
522544620
480833380
15981531328
522356365
318243762
72505278
72521214
318243762
522462207
201429043
522415490
318426303
318426303
210216633
256682461
912617348
899903311
67447944
271441801
67467792
67467792
67467792
271345767
67326059
67326059
67323673
67380081
522363843
899377096
67364703
67351539
67176190
912427293
210395970
1023996684
5271407992
271361661
5271326283
899627076
67218120
168119897
67136334
168083533
67151159
912427293
210421324
67142541
67239458
1023925780
271341836
912356389
67325612
899556172
5271277072
5271277072
899496934
912363553
5639409217
899336167
67620858
67792112
210262856
271352746
67806126
522349943
480628394
270954072
270923257
44406983
4968644393
210406028
44231213
47156471
47081061
46978114
47007687
47010269
47010269
912286369
46971643
4505709820
271064555
47027212
210284602
270982366
210284602
46748889
46706955
899464343
46652458
46745835
46707102
522131926
46630112
43956754
168147277
480506241
912370320
522355179
271022808
270896025
46648253
1023866542
46766302
271022808
271098438
46770143
271046688
3103094521
44095330
210258977
46715694
4505579213
44433903
46617862
44199277
475384957
46736471
475255146
270917654
44519693
44593711
475320593
167945982
475161663
46886064
271068855
475326487
46712771
46786228
46786228
522230534
46634750
209951150
270813461
46598561
44516026
46805957
475373087
270726932
522210481
210088893
521986562
475298038
46766709
46766709
168030305
270945613
475298038
44103539
46784134
209951229
586773820
44487382
46959928
47033611
586777164
271110986
47065534
271110986
168147671
47072183
47072183
271004568
47115991
4505548221
271110986
210060236
46937890
167973930
47042522
475105065
270831680
46758141
47041133
47041133
46998349
46969132
137562526
46958285
46933543
2549323072
137417061
44431081
44363654
522169996
44467876
46583956
270861083
46262709
42187090
42086869
46564775
909781050
42219437
46799326
46799326
42256373
42467314
249093698
46987111
137493892
42216073
42359227
46894085
2549242561
42235451
137493892
47046936
41987117
522040299
46935579
137674041
41980195
586793190
137606179
270582023
320845750
2549317324
270624477
42443700
320581347
47050748
249253239
249253239
137756924
47062810
249253239
15981531165
42204165
46956964
46837970
46837970
137727485
41926960
2549238983
46823866
90791374
42484846
46905897
137727485
42466103
249253239
46986974
137773644
46873801
41970020
46998073
42187128
46998073
137801163
249236955
42368920
249236955
47013602
137983308
47163287
42850434
47107456
42722170
47204460
47204460
138098302
42899988
42836577
42755524
47269895
138098302
42324229
138082997
320813091
42655963
249295471
42673439
138082997
47066499
138082997
2344816564
42689518
138082997
137864140
91101426
47173478
270686204
47220447
42716092
137932917
47114613
42444284
42550612
42336115
137848333
42261912
47105875
42586021
137929529
42617180
47271625
249253574
249253574
270667716
138009521
320684656
91021400
47280133
138032952
137816508
91021400
42860262
47309504
137707009
91004214
42890551
47365012
42679241
137633387
47328875
42640488
47189512
137857911
137600947
47232224
47222349
42550921
2344810737
42672846
137740552
46999099
42460887
46999099
137774491
249254861
46999380
137647730
42609880
47185719
90946336
42448556
42414031
90858947
137817305
47081521
42377692
42837274
586802585
249254861
137738511
42306455
2344836396
1640810190
42166137
46794191
90653406
137354800
42102696
46730750
42030916
522040783
41932040
320745527
137525275
41892941
46514903
137230006
46639013
137457541
46569608
137510322
42005303
42005303
42005303
586730441
42040415
137564274
137676270
137521345
137521345
137676270
521942749
42240730
46789177
46827405
42282119
1640940679
46777086
46698233
521945601
248907708
137074674
46583415
434211683
15981472822
46496435
42037378
46496435
42201207
137570640
586835216
2345013001
42339000
42363852
1012448850
42302095
42197212
2344976027
46155064
46142821
41577923
46171345
46171345
46171345
137496375
137351932
137415647
42098106
42074760
42109492
42215895
137264026
46272701
42168004
137592132
46272701
137181635
248948663
46221020
137596541
42345753
308518194
137596541
46341254
42337286
137324075
42206437
42261048
90192971
42449220
42344144
136910528
90192939
46381123
46381123
42631920
46381123
46369345
90437894
137672397
137462401
248953040
42623978
46374259
137580683
107434875
42726830
42678291
42628910
46320828
137555417
42512612
46379099
137581665
42164662
137711941
46298437
5921871086
42546412
2345097148
248966336
46224540
137474862
42487887
46147653
107393237
137474862
46147653
1822000200
42470859
42487271
137094046
42158889
137122882
136994576
41932453
586656045
137219828
107265063
137219828
137219828
41836428
46139607
42075694
45861713
137597072
137686947
45848053
137686947
137597072
57425445
41836254
485326380
45789989
45789989
137686947
41586711
45475953
248955760
41229035
45475953
45475953
45465756
41116809
90503062
308305593
41124346
41043816
45292510
90485926
45321734
40961828
41073178
90519017
41157604
41157604
45322533
137623754
45322533
41048113
41319881
137622138
45443071
45593670
40882084
45593670
57409138
41163679
45497724
45626858
90540344
45527395
45879493
308456181
41399477
120831184
37111323
30506567
120847246
248923613
137636141
37155694
37155694
248997062
37056891
30351533
30380755
137636141
2344882984
120741443
57314375
120840040
15981472822
30304832
30450619
1821916534
249009942
35964820
57236935
137578073
35795580
30397343
73876522
106919991
30596975
137610901
137610901
35667325
30817710
30817710
73869040
35667325
35667325
30792435
248942679
308416760
137558802
120767431
30915753
248890580
35698158
137595144
35773535
31254636
35899403
31289230
35836710
485242714
35816826
31012475
120993967
31121997
31022897
485219624
137529931
35349376
581381037
31125106
137622559
35440129
249152702
31278561
120897133
31081550
31081550
35292181
31062600
120897133
120957807
137558907
137620586
31383737
586525945
68165782
35594139
35594139
31555297
67873188
31659864
57126895
137745941
74223040
31518487
74190114
121048454
35505857
31590180
249242241
31534234
121028384
2344844659
74002268
31586606
31586606
137664533
31587770
31586972
31667082
68237345
31667082
31630541
31377910
35475391
35475391
74143667
120912225
120912225
31588379
31644419
841967234
31809064
36029156
15981561712
137492022
31279721
120721985
841922287
31259248
35863383
137395524
31151807
35882911
137371091
57301043
35882911
31020832
73938449
31020832
30941341
35492382
36284644
120659479
35459271
30823749
35813726
137349689
30804419
137430403
137430403
30943104
73758776
485059564
842084831
68292717
120711671
30913644
1785962039
30852209
30936294
68318653
35487501
57381479
35487501
68077385
30892108
30889520
137213914